[debug] [2018-03-30T05:01:11.556Z] ----------------------------------------------------------------------
[debug] [2018-03-30T05:01:11.565Z] Command:       C:\Program Files\nodejs\node.exe C:\Users\Ashpan\AppData\Roaming\npm\node_modules\firebase-tools\bin\firebase deploy
[debug] [2018-03-30T05:01:11.566Z] CLI Version:   3.17.6
[debug] [2018-03-30T05:01:11.566Z] Platform:      win32
[debug] [2018-03-30T05:01:11.566Z] Node Version:  v8.9.1
[debug] [2018-03-30T05:01:11.567Z] Time:          Fri Mar 30 2018 01:01:11 GMT-0400 (Eastern Daylight Time)
[debug] [2018-03-30T05:01:11.567Z] ----------------------------------------------------------------------
[debug] 
[debug] [2018-03-30T05:01:11.593Z] > command requires scopes: ["email","openid","https://www.googleapis.com/auth/cloudplatformprojects.readonly","https://www.googleapis.com/auth/firebase","https://www.googleapis.com/auth/cloud-platform"]
[debug] [2018-03-30T05:01:11.594Z] > authorizing via signed-in user
[debug] [2018-03-30T05:01:11.597Z] >>> HTTP REQUEST GET https://admin.firebase.com/v1/projects/scouting-compiler-dev  
  
 Fri Mar 30 2018 01:01:11 GMT-0400 (Eastern Daylight Time)
[debug] [2018-03-30T05:01:12.096Z] <<< HTTP RESPONSE 200
[debug] [2018-03-30T05:01:12.096Z] >>> HTTP REQUEST GET https://admin.firebase.com/v1/database/scouting-compiler-dev/tokens  
  
 Fri Mar 30 2018 01:01:12 GMT-0400 (Eastern Daylight Time)
[debug] [2018-03-30T05:01:12.637Z] <<< HTTP RESPONSE 200
[info] 
[info] === Deploying to 'scouting-compiler-dev'...
[info] 
[info] i  deploying database, storage, functions, hosting
[info] Running command: npm --prefix "$RESOURCE_DIR" run lint
