[debug] [2018-03-27T04:01:59.307Z] ----------------------------------------------------------------------
[debug] [2018-03-27T04:01:59.309Z] Command:       C:\Program Files\nodejs\node.exe C:\Users\Ashpan\AppData\Roaming\npm\node_modules\firebase-tools\bin\firebase serve
[debug] [2018-03-27T04:01:59.310Z] CLI Version:   3.17.6
[debug] [2018-03-27T04:01:59.310Z] Platform:      win32
[debug] [2018-03-27T04:01:59.310Z] Node Version:  v8.9.1
[debug] [2018-03-27T04:01:59.311Z] Time:          Tue Mar 27 2018 00:01:59 GMT-0400 (Eastern Daylight Time)
[debug] [2018-03-27T04:01:59.311Z] ----------------------------------------------------------------------
[debug] 
[debug] [2018-03-27T04:01:59.337Z] > command requires scopes: ["email","openid","https://www.googleapis.com/auth/cloudplatformprojects.readonly","https://www.googleapis.com/auth/firebase","https://www.googleapis.com/auth/cloud-platform"]
[debug] [2018-03-27T04:01:59.337Z] > authorizing via signed-in user
[debug] [2018-03-27T04:01:59.341Z] > refreshing access token with scopes: ["email","https://www.googleapis.com/auth/cloud-platform","https://www.googleapis.com/auth/cloudplatformprojects.readonly","https://www.googleapis.com/auth/firebase","openid"]
[debug] [2018-03-27T04:01:59.342Z] >>> HTTP REQUEST POST https://www.googleapis.com/oauth2/v3/token  
 { refresh_token: '1/FUVcA8Kwo_PkHN1IV9nkWU9EjvGU73akcmYL_JiosYM',
  client_id: '563584335869-fgrhgmd47bqnekij5i8b5pr03ho849e6.apps.googleusercontent.com',
  client_secret: 'j9iVZfS8kkCEFUPaAeJV0sAi',
  grant_type: 'refresh_token',
  scope: 'email https://www.googleapis.com/auth/cloud-platform https://www.googleapis.com/auth/cloudplatformprojects.readonly https://www.googleapis.com/auth/firebase openid' } 
 Tue Mar 27 2018 00:01:59 GMT-0400 (Eastern Daylight Time)
[debug] [2018-03-27T04:01:59.600Z] <<< HTTP RESPONSE 200
[debug] [2018-03-27T04:01:59.613Z] >>> HTTP REQUEST GET https://admin.firebase.com/v1/projects/scouting-compiler-onnyo  
  
 Tue Mar 27 2018 00:01:59 GMT-0400 (Eastern Daylight Time)
[debug] [2018-03-27T04:02:00.044Z] <<< HTTP RESPONSE 200
[debug] [2018-03-27T04:02:00.045Z] >>> HTTP REQUEST GET https://admin.firebase.com/v1/database/scouting-compiler-onnyo/tokens  
  
 Tue Mar 27 2018 00:02:00 GMT-0400 (Eastern Daylight Time)
[debug] [2018-03-27T04:02:00.506Z] <<< HTTP RESPONSE 200
[debug] [2018-03-27T04:02:00.507Z] >>> HTTP REQUEST GET https://cloudresourcemanager.googleapis.com/v1/projects/scouting-compiler-onnyo  
  
 Tue Mar 27 2018 00:02:00 GMT-0400 (Eastern Daylight Time)
[debug] [2018-03-27T04:02:00.939Z] <<< HTTP RESPONSE 200
[info] 
[info] === Serving from 'C:\OurData\OurCurrent\Programming\1325Robotics\Scouting\ONNYO'...
[info] 
[debug] [2018-03-27T04:02:00.942Z] >>> HTTP REQUEST GET https://mobilesdk-pa.googleapis.com/v1/projects/577025368281/clients/_:getWebAppConfig  
  
 Tue Mar 27 2018 00:02:00 GMT-0400 (Eastern Daylight Time)
[debug] [2018-03-27T04:02:01.269Z] <<< HTTP RESPONSE 200
[info] i  hosting: Serving hosting files from: public
[info] +  hosting: Local server: http://localhost:5000

