[debug] [2018-03-29T16:24:00.238Z] ----------------------------------------------------------------------
[debug] [2018-03-29T16:24:00.241Z] Command:       C:\Program Files\nodejs\node.exe C:\Users\Ashpan\AppData\Roaming\npm\node_modules\firebase-tools\bin\firebase deploy
[debug] [2018-03-29T16:24:00.241Z] CLI Version:   3.17.6
[debug] [2018-03-29T16:24:00.241Z] Platform:      win32
[debug] [2018-03-29T16:24:00.241Z] Node Version:  v8.9.1
[debug] [2018-03-29T16:24:00.242Z] Time:          Thu Mar 29 2018 12:24:00 GMT-0400 (Eastern Daylight Time)
[debug] [2018-03-29T16:24:00.242Z] ----------------------------------------------------------------------
[debug] 
[debug] [2018-03-29T16:24:00.260Z] > command requires scopes: ["email","openid","https://www.googleapis.com/auth/cloudplatformprojects.readonly","https://www.googleapis.com/auth/firebase","https://www.googleapis.com/auth/cloud-platform"]
[debug] [2018-03-29T16:24:00.261Z] > authorizing via signed-in user
[debug] [2018-03-29T16:24:00.265Z] >>> HTTP REQUEST GET https://admin.firebase.com/v1/projects/scouting-compiler-onham  
  
 Thu Mar 29 2018 12:24:00 GMT-0400 (Eastern Daylight Time)
[debug] [2018-03-29T16:24:00.748Z] <<< HTTP RESPONSE 200
[debug] [2018-03-29T16:24:00.749Z] >>> HTTP REQUEST GET https://admin.firebase.com/v1/database/scouting-compiler-onham/tokens  
  
 Thu Mar 29 2018 12:24:00 GMT-0400 (Eastern Daylight Time)
[debug] [2018-03-29T16:24:01.602Z] <<< HTTP RESPONSE 200
[info] 
[info] === Deploying to 'scouting-compiler-onham'...
[info] 
[info] i  deploying database, storage, functions, hosting
[info] Running command: npm --prefix "$RESOURCE_DIR" run lint
